<?xml version="1.0" encoding="UTF-8"?>
<testsuite xmlns:xsi="http://www.w3.org/2001/XMLSchema-instance" xsi:noNamespaceSchemaLocation="https://maven.apache.org/surefire/maven-surefire-plugin/xsd/surefire-test-report.xsd" name="org.dulci.challenge.CloudonixChallengeTest" time="0.004" tests="1" errors="0" skipped="0" failures="0">
  <properties>
    <property name="java.specification.version" value="17"/>
    <property name="sun.cpu.isalist" value="amd64"/>
    <property name="sun.jnu.encoding" value="Cp1252"/>
    <property name="java.class.path" value="C:\Users\dulci\Documents\Pruebas Tecnicas\cloudonix-challenge\target\test-classes;C:\Users\dulci\Documents\Pruebas Tecnicas\cloudonix-challenge\target\classes;C:\Users\dulci\.m2\repository\org\projectlombok\lombok\1.18.28\lombok-1.18.28.jar;C:\Users\dulci\.m2\repository\io\vertx\vertx-web\4.4.4\vertx-web-4.4.4.jar;C:\Users\dulci\.m2\repository\io\vertx\vertx-web-common\4.4.4\vertx-web-common-4.4.4.jar;C:\Users\dulci\.m2\repository\io\vertx\vertx-auth-common\4.4.4\vertx-auth-common-4.4.4.jar;C:\Users\dulci\.m2\repository\io\vertx\vertx-bridge-common\4.4.4\vertx-bridge-common-4.4.4.jar;C:\Users\dulci\.m2\repository\io\vertx\vertx-core\4.4.4\vertx-core-4.4.4.jar;C:\Users\dulci\.m2\repository\io\netty\netty-common\4.1.94.Final\netty-common-4.1.94.Final.jar;C:\Users\dulci\.m2\repository\io\netty\netty-buffer\4.1.94.Final\netty-buffer-4.1.94.Final.jar;C:\Users\dulci\.m2\repository\io\netty\netty-transport\4.1.94.Final\netty-transport-4.1.94.Final.jar;C:\Users\dulci\.m2\repository\io\netty\netty-handler\4.1.94.Final\netty-handler-4.1.94.Final.jar;C:\Users\dulci\.m2\repository\io\netty\netty-transport-native-unix-common\4.1.94.Final\netty-transport-native-unix-common-4.1.94.Final.jar;C:\Users\dulci\.m2\repository\io\netty\netty-codec\4.1.94.Final\netty-codec-4.1.94.Final.jar;C:\Users\dulci\.m2\repository\io\netty\netty-handler-proxy\4.1.94.Final\netty-handler-proxy-4.1.94.Final.jar;C:\Users\dulci\.m2\repository\io\netty\netty-codec-socks\4.1.94.Final\netty-codec-socks-4.1.94.Final.jar;C:\Users\dulci\.m2\repository\io\netty\netty-codec-http\4.1.94.Final\netty-codec-http-4.1.94.Final.jar;C:\Users\dulci\.m2\repository\io\netty\netty-codec-http2\4.1.94.Final\netty-codec-http2-4.1.94.Final.jar;C:\Users\dulci\.m2\repository\io\netty\netty-resolver\4.1.94.Final\netty-resolver-4.1.94.Final.jar;C:\Users\dulci\.m2\repository\io\netty\netty-resolver-dns\4.1.94.Final\netty-resolver-dns-4.1.94.Final.jar;C:\Users\dulci\.m2\repository\io\netty\netty-codec-dns\4.1.94.Final\netty-codec-dns-4.1.94.Final.jar;C:\Users\dulci\.m2\repository\io\vertx\vertx-config\4.4.4\vertx-config-4.4.4.jar;C:\Users\dulci\.m2\repository\com\ongres\scram\client\2.1\client-2.1.jar;C:\Users\dulci\.m2\repository\com\ongres\scram\common\2.1\common-2.1.jar;C:\Users\dulci\.m2\repository\com\ongres\stringprep\saslprep\1.1\saslprep-1.1.jar;C:\Users\dulci\.m2\repository\com\ongres\stringprep\stringprep\1.1\stringprep-1.1.jar;C:\Users\dulci\.m2\repository\io\vertx\vertx-pg-client\4.4.4\vertx-pg-client-4.4.4.jar;C:\Users\dulci\.m2\repository\io\vertx\vertx-sql-client\4.4.4\vertx-sql-client-4.4.4.jar;C:\Users\dulci\.m2\repository\com\fasterxml\jackson\core\jackson-databind\2.15.2\jackson-databind-2.15.2.jar;C:\Users\dulci\.m2\repository\com\fasterxml\jackson\core\jackson-annotations\2.15.2\jackson-annotations-2.15.2.jar;C:\Users\dulci\.m2\repository\com\fasterxml\jackson\core\jackson-core\2.15.2\jackson-core-2.15.2.jar;C:\Users\dulci\.m2\repository\org\flywaydb\flyway-core\9.20.0\flyway-core-9.20.0.jar;C:\Users\dulci\.m2\repository\com\google\code\gson\gson\2.10.1\gson-2.10.1.jar;C:\Users\dulci\.m2\repository\org\postgresql\postgresql\42.6.0\postgresql-42.6.0.jar;C:\Users\dulci\.m2\repository\org\checkerframework\checker-qual\3.31.0\checker-qual-3.31.0.jar;C:\Users\dulci\.m2\repository\org\jooq\jooq-codegen-maven\3.18.0\jooq-codegen-maven-3.18.0.jar;C:\Users\dulci\.m2\repository\org\jooq\jooq-codegen\3.18.0\jooq-codegen-3.18.0.jar;C:\Users\dulci\.m2\repository\org\apache\maven\maven-plugin-api\3.9.0\maven-plugin-api-3.9.0.jar;C:\Users\dulci\.m2\repository\org\apache\maven\maven-model\3.9.0\maven-model-3.9.0.jar;C:\Users\dulci\.m2\repository\org\apache\maven\maven-artifact\3.9.0\maven-artifact-3.9.0.jar;C:\Users\dulci\.m2\repository\org\eclipse\sisu\org.eclipse.sisu.plexus\0.3.5\org.eclipse.sisu.plexus-0.3.5.jar;C:\Users\dulci\.m2\repository\javax\annotation\javax.annotation-api\1.2\javax.annotation-api-1.2.jar;C:\Users\dulci\.m2\repository\org\codehaus\plexus\plexus-utils\3.4.2\plexus-utils-3.4.2.jar;C:\Users\dulci\.m2\repository\org\codehaus\plexus\plexus-classworlds\2.6.0\plexus-classworlds-2.6.0.jar;C:\Users\dulci\.m2\repository\org\apache\maven\maven-core\3.9.0\maven-core-3.9.0.jar;C:\Users\dulci\.m2\repository\org\apache\maven\maven-settings\3.9.0\maven-settings-3.9.0.jar;C:\Users\dulci\.m2\repository\org\apache\maven\maven-settings-builder\3.9.0\maven-settings-builder-3.9.0.jar;C:\Users\dulci\.m2\repository\org\codehaus\plexus\plexus-sec-dispatcher\2.0\plexus-sec-dispatcher-2.0.jar;C:\Users\dulci\.m2\repository\org\codehaus\plexus\plexus-cipher\2.0\plexus-cipher-2.0.jar;C:\Users\dulci\.m2\repository\org\apache\maven\maven-builder-support\3.9.0\maven-builder-support-3.9.0.jar;C:\Users\dulci\.m2\repository\org\apache\maven\maven-repository-metadata\3.9.0\maven-repository-metadata-3.9.0.jar;C:\Users\dulci\.m2\repository\org\apache\maven\maven-model-builder\3.9.0\maven-model-builder-3.9.0.jar;C:\Users\dulci\.m2\repository\org\apache\maven\maven-resolver-provider\3.9.0\maven-resolver-provider-3.9.0.jar;C:\Users\dulci\.m2\repository\org\apache\maven\resolver\maven-resolver-impl\1.9.4\maven-resolver-impl-1.9.4.jar;C:\Users\dulci\.m2\repository\org\apache\maven\resolver\maven-resolver-named-locks\1.9.4\maven-resolver-named-locks-1.9.4.jar;C:\Users\dulci\.m2\repository\org\apache\maven\resolver\maven-resolver-api\1.9.4\maven-resolver-api-1.9.4.jar;C:\Users\dulci\.m2\repository\org\apache\maven\resolver\maven-resolver-spi\1.9.4\maven-resolver-spi-1.9.4.jar;C:\Users\dulci\.m2\repository\org\apache\maven\resolver\maven-resolver-util\1.9.4\maven-resolver-util-1.9.4.jar;C:\Users\dulci\.m2\repository\org\apache\maven\shared\maven-shared-utils\3.3.4\maven-shared-utils-3.3.4.jar;C:\Users\dulci\.m2\repository\org\eclipse\sisu\org.eclipse.sisu.inject\0.3.5\org.eclipse.sisu.inject-0.3.5.jar;C:\Users\dulci\.m2\repository\com\google\inject\guice\5.1.0\guice-5.1.0.jar;C:\Users\dulci\.m2\repository\aopalliance\aopalliance\1.0\aopalliance-1.0.jar;C:\Users\dulci\.m2\repository\com\google\guava\guava\30.1-jre\guava-30.1-jre.jar;C:\Users\dulci\.m2\repository\com\google\guava\failureaccess\1.0.1\failureaccess-1.0.1.jar;C:\Users\dulci\.m2\repository\javax\inject\javax.inject\1\javax.inject-1.jar;C:\Users\dulci\.m2\repository\org\codehaus\plexus\plexus-interpolation\1.26\plexus-interpolation-1.26.jar;C:\Users\dulci\.m2\repository\org\codehaus\plexus\plexus-component-annotations\2.1.0\plexus-component-annotations-2.1.0.jar;C:\Users\dulci\.m2\repository\org\apache\commons\commons-lang3\3.8.1\commons-lang3-3.8.1.jar;C:\Users\dulci\.m2\repository\org\slf4j\slf4j-api\1.7.36\slf4j-api-1.7.36.jar;C:\Users\dulci\.m2\repository\org\apache\maven\plugin-tools\maven-plugin-annotations\3.8.1\maven-plugin-annotations-3.8.1.jar;C:\Users\dulci\.m2\repository\org\jooq\jooq-meta-extensions\3.18.0\jooq-meta-extensions-3.18.0.jar;C:\Users\dulci\.m2\repository\org\jooq\jooq-meta\3.18.0\jooq-meta-3.18.0.jar;C:\Users\dulci\.m2\repository\jakarta\xml\bind\jakarta.xml.bind-api\3.0.0\jakarta.xml.bind-api-3.0.0.jar;C:\Users\dulci\.m2\repository\com\sun\activation\jakarta.activation\2.0.0\jakarta.activation-2.0.0.jar;C:\Users\dulci\.m2\repository\com\h2database\h2\2.1.214\h2-2.1.214.jar;C:\Users\dulci\.m2\repository\io\github\jklingsporn\vertx-jooq-classic-reactive\6.1.1\vertx-jooq-classic-reactive-6.1.1.jar;C:\Users\dulci\.m2\repository\io\github\jklingsporn\vertx-jooq-shared-reactive\6.1.1\vertx-jooq-shared-reactive-6.1.1.jar;C:\Users\dulci\.m2\repository\io\github\jklingsporn\vertx-jooq-shared\6.1.1\vertx-jooq-shared-6.1.1.jar;C:\Users\dulci\.m2\repository\io\github\jklingsporn\vertx-jooq-classic\6.1.1\vertx-jooq-classic-6.1.1.jar;C:\Users\dulci\.m2\repository\org\jooq\jooq\3.13.6\jooq-3.13.6.jar;C:\Users\dulci\.m2\repository\org\reactivestreams\reactive-streams\1.0.2\reactive-streams-1.0.2.jar;C:\Users\dulci\.m2\repository\javax\xml\bind\jaxb-api\2.3.1\jaxb-api-2.3.1.jar;C:\Users\dulci\.m2\repository\javax\activation\javax.activation-api\1.2.0\javax.activation-api-1.2.0.jar;C:\Users\dulci\.m2\repository\junit\junit\3.8.1\junit-3.8.1.jar;"/>
    <property name="java.vm.vendor" value="Oracle Corporation"/>
    <property name="sun.arch.data.model" value="64"/>
    <property name="user.variant" value=""/>
    <property name="java.vendor.url" value="https://java.oracle.com/"/>
    <property name="user.timezone" value="Europe/London"/>
    <property name="os.name" value="Windows 11"/>
    <property name="java.vm.specification.version" value="17"/>
    <property name="sun.java.launcher" value="SUN_STANDARD"/>
    <property name="user.country" value="US"/>
    <property name="sun.boot.library.path" value="C:\Program Files\Java\jdk-17.0.2\bin"/>
    <property name="sun.java.command" value="C:\Users\dulci\AppData\Local\Temp\surefire17636888597934043742\surefirebooter18416364686730542957.jar C:\Users\dulci\AppData\Local\Temp\surefire17636888597934043742 2023-07-12T02-28-57_441-jvmRun1 surefire9636835287485922299tmp surefire_01111057242593155694tmp"/>
    <property name="jdk.debug" value="release"/>
    <property name="surefire.test.class.path" value="C:\Users\dulci\Documents\Pruebas Tecnicas\cloudonix-challenge\target\test-classes;C:\Users\dulci\Documents\Pruebas Tecnicas\cloudonix-challenge\target\classes;C:\Users\dulci\.m2\repository\org\projectlombok\lombok\1.18.28\lombok-1.18.28.jar;C:\Users\dulci\.m2\repository\io\vertx\vertx-web\4.4.4\vertx-web-4.4.4.jar;C:\Users\dulci\.m2\repository\io\vertx\vertx-web-common\4.4.4\vertx-web-common-4.4.4.jar;C:\Users\dulci\.m2\repository\io\vertx\vertx-auth-common\4.4.4\vertx-auth-common-4.4.4.jar;C:\Users\dulci\.m2\repository\io\vertx\vertx-bridge-common\4.4.4\vertx-bridge-common-4.4.4.jar;C:\Users\dulci\.m2\repository\io\vertx\vertx-core\4.4.4\vertx-core-4.4.4.jar;C:\Users\dulci\.m2\repository\io\netty\netty-common\4.1.94.Final\netty-common-4.1.94.Final.jar;C:\Users\dulci\.m2\repository\io\netty\netty-buffer\4.1.94.Final\netty-buffer-4.1.94.Final.jar;C:\Users\dulci\.m2\repository\io\netty\netty-transport\4.1.94.Final\netty-transport-4.1.94.Final.jar;C:\Users\dulci\.m2\repository\io\netty\netty-handler\4.1.94.Final\netty-handler-4.1.94.Final.jar;C:\Users\dulci\.m2\repository\io\netty\netty-transport-native-unix-common\4.1.94.Final\netty-transport-native-unix-common-4.1.94.Final.jar;C:\Users\dulci\.m2\repository\io\netty\netty-codec\4.1.94.Final\netty-codec-4.1.94.Final.jar;C:\Users\dulci\.m2\repository\io\netty\netty-handler-proxy\4.1.94.Final\netty-handler-proxy-4.1.94.Final.jar;C:\Users\dulci\.m2\repository\io\netty\netty-codec-socks\4.1.94.Final\netty-codec-socks-4.1.94.Final.jar;C:\Users\dulci\.m2\repository\io\netty\netty-codec-http\4.1.94.Final\netty-codec-http-4.1.94.Final.jar;C:\Users\dulci\.m2\repository\io\netty\netty-codec-http2\4.1.94.Final\netty-codec-http2-4.1.94.Final.jar;C:\Users\dulci\.m2\repository\io\netty\netty-resolver\4.1.94.Final\netty-resolver-4.1.94.Final.jar;C:\Users\dulci\.m2\repository\io\netty\netty-resolver-dns\4.1.94.Final\netty-resolver-dns-4.1.94.Final.jar;C:\Users\dulci\.m2\repository\io\netty\netty-codec-dns\4.1.94.Final\netty-codec-dns-4.1.94.Final.jar;C:\Users\dulci\.m2\repository\io\vertx\vertx-config\4.4.4\vertx-config-4.4.4.jar;C:\Users\dulci\.m2\repository\com\ongres\scram\client\2.1\client-2.1.jar;C:\Users\dulci\.m2\repository\com\ongres\scram\common\2.1\common-2.1.jar;C:\Users\dulci\.m2\repository\com\ongres\stringprep\saslprep\1.1\saslprep-1.1.jar;C:\Users\dulci\.m2\repository\com\ongres\stringprep\stringprep\1.1\stringprep-1.1.jar;C:\Users\dulci\.m2\repository\io\vertx\vertx-pg-client\4.4.4\vertx-pg-client-4.4.4.jar;C:\Users\dulci\.m2\repository\io\vertx\vertx-sql-client\4.4.4\vertx-sql-client-4.4.4.jar;C:\Users\dulci\.m2\repository\com\fasterxml\jackson\core\jackson-databind\2.15.2\jackson-databind-2.15.2.jar;C:\Users\dulci\.m2\repository\com\fasterxml\jackson\core\jackson-annotations\2.15.2\jackson-annotations-2.15.2.jar;C:\Users\dulci\.m2\repository\com\fasterxml\jackson\core\jackson-core\2.15.2\jackson-core-2.15.2.jar;C:\Users\dulci\.m2\repository\org\flywaydb\flyway-core\9.20.0\flyway-core-9.20.0.jar;C:\Users\dulci\.m2\repository\com\google\code\gson\gson\2.10.1\gson-2.10.1.jar;C:\Users\dulci\.m2\repository\org\postgresql\postgresql\42.6.0\postgresql-42.6.0.jar;C:\Users\dulci\.m2\repository\org\checkerframework\checker-qual\3.31.0\checker-qual-3.31.0.jar;C:\Users\dulci\.m2\repository\org\jooq\jooq-codegen-maven\3.18.0\jooq-codegen-maven-3.18.0.jar;C:\Users\dulci\.m2\repository\org\jooq\jooq-codegen\3.18.0\jooq-codegen-3.18.0.jar;C:\Users\dulci\.m2\repository\org\apache\maven\maven-plugin-api\3.9.0\maven-plugin-api-3.9.0.jar;C:\Users\dulci\.m2\repository\org\apache\maven\maven-model\3.9.0\maven-model-3.9.0.jar;C:\Users\dulci\.m2\repository\org\apache\maven\maven-artifact\3.9.0\maven-artifact-3.9.0.jar;C:\Users\dulci\.m2\repository\org\eclipse\sisu\org.eclipse.sisu.plexus\0.3.5\org.eclipse.sisu.plexus-0.3.5.jar;C:\Users\dulci\.m2\repository\javax\annotation\javax.annotation-api\1.2\javax.annotation-api-1.2.jar;C:\Users\dulci\.m2\repository\org\codehaus\plexus\plexus-utils\3.4.2\plexus-utils-3.4.2.jar;C:\Users\dulci\.m2\repository\org\codehaus\plexus\plexus-classworlds\2.6.0\plexus-classworlds-2.6.0.jar;C:\Users\dulci\.m2\repository\org\apache\maven\maven-core\3.9.0\maven-core-3.9.0.jar;C:\Users\dulci\.m2\repository\org\apache\maven\maven-settings\3.9.0\maven-settings-3.9.0.jar;C:\Users\dulci\.m2\repository\org\apache\maven\maven-settings-builder\3.9.0\maven-settings-builder-3.9.0.jar;C:\Users\dulci\.m2\repository\org\codehaus\plexus\plexus-sec-dispatcher\2.0\plexus-sec-dispatcher-2.0.jar;C:\Users\dulci\.m2\repository\org\codehaus\plexus\plexus-cipher\2.0\plexus-cipher-2.0.jar;C:\Users\dulci\.m2\repository\org\apache\maven\maven-builder-support\3.9.0\maven-builder-support-3.9.0.jar;C:\Users\dulci\.m2\repository\org\apache\maven\maven-repository-metadata\3.9.0\maven-repository-metadata-3.9.0.jar;C:\Users\dulci\.m2\repository\org\apache\maven\maven-model-builder\3.9.0\maven-model-builder-3.9.0.jar;C:\Users\dulci\.m2\repository\org\apache\maven\maven-resolver-provider\3.9.0\maven-resolver-provider-3.9.0.jar;C:\Users\dulci\.m2\repository\org\apache\maven\resolver\maven-resolver-impl\1.9.4\maven-resolver-impl-1.9.4.jar;C:\Users\dulci\.m2\repository\org\apache\maven\resolver\maven-resolver-named-locks\1.9.4\maven-resolver-named-locks-1.9.4.jar;C:\Users\dulci\.m2\repository\org\apache\maven\resolver\maven-resolver-api\1.9.4\maven-resolver-api-1.9.4.jar;C:\Users\dulci\.m2\repository\org\apache\maven\resolver\maven-resolver-spi\1.9.4\maven-resolver-spi-1.9.4.jar;C:\Users\dulci\.m2\repository\org\apache\maven\resolver\maven-resolver-util\1.9.4\maven-resolver-util-1.9.4.jar;C:\Users\dulci\.m2\repository\org\apache\maven\shared\maven-shared-utils\3.3.4\maven-shared-utils-3.3.4.jar;C:\Users\dulci\.m2\repository\org\eclipse\sisu\org.eclipse.sisu.inject\0.3.5\org.eclipse.sisu.inject-0.3.5.jar;C:\Users\dulci\.m2\repository\com\google\inject\guice\5.1.0\guice-5.1.0.jar;C:\Users\dulci\.m2\repository\aopalliance\aopalliance\1.0\aopalliance-1.0.jar;C:\Users\dulci\.m2\repository\com\google\guava\guava\30.1-jre\guava-30.1-jre.jar;C:\Users\dulci\.m2\repository\com\google\guava\failureaccess\1.0.1\failureaccess-1.0.1.jar;C:\Users\dulci\.m2\repository\javax\inject\javax.inject\1\javax.inject-1.jar;C:\Users\dulci\.m2\repository\org\codehaus\plexus\plexus-interpolation\1.26\plexus-interpolation-1.26.jar;C:\Users\dulci\.m2\repository\org\codehaus\plexus\plexus-component-annotations\2.1.0\plexus-component-annotations-2.1.0.jar;C:\Users\dulci\.m2\repository\org\apache\commons\commons-lang3\3.8.1\commons-lang3-3.8.1.jar;C:\Users\dulci\.m2\repository\org\slf4j\slf4j-api\1.7.36\slf4j-api-1.7.36.jar;C:\Users\dulci\.m2\repository\org\apache\maven\plugin-tools\maven-plugin-annotations\3.8.1\maven-plugin-annotations-3.8.1.jar;C:\Users\dulci\.m2\repository\org\jooq\jooq-meta-extensions\3.18.0\jooq-meta-extensions-3.18.0.jar;C:\Users\dulci\.m2\repository\org\jooq\jooq-meta\3.18.0\jooq-meta-3.18.0.jar;C:\Users\dulci\.m2\repository\jakarta\xml\bind\jakarta.xml.bind-api\3.0.0\jakarta.xml.bind-api-3.0.0.jar;C:\Users\dulci\.m2\repository\com\sun\activation\jakarta.activation\2.0.0\jakarta.activation-2.0.0.jar;C:\Users\dulci\.m2\repository\com\h2database\h2\2.1.214\h2-2.1.214.jar;C:\Users\dulci\.m2\repository\io\github\jklingsporn\vertx-jooq-classic-reactive\6.1.1\vertx-jooq-classic-reactive-6.1.1.jar;C:\Users\dulci\.m2\repository\io\github\jklingsporn\vertx-jooq-shared-reactive\6.1.1\vertx-jooq-shared-reactive-6.1.1.jar;C:\Users\dulci\.m2\repository\io\github\jklingsporn\vertx-jooq-shared\6.1.1\vertx-jooq-shared-6.1.1.jar;C:\Users\dulci\.m2\repository\io\github\jklingsporn\vertx-jooq-classic\6.1.1\vertx-jooq-classic-6.1.1.jar;C:\Users\dulci\.m2\repository\org\jooq\jooq\3.13.6\jooq-3.13.6.jar;C:\Users\dulci\.m2\repository\org\reactivestreams\reactive-streams\1.0.2\reactive-streams-1.0.2.jar;C:\Users\dulci\.m2\repository\javax\xml\bind\jaxb-api\2.3.1\jaxb-api-2.3.1.jar;C:\Users\dulci\.m2\repository\javax\activation\javax.activation-api\1.2.0\javax.activation-api-1.2.0.jar;C:\Users\dulci\.m2\repository\junit\junit\3.8.1\junit-3.8.1.jar;"/>
    <property name="sun.cpu.endian" value="little"/>
    <property name="user.home" value="C:\Users\dulci"/>
    <property name="user.language" value="en"/>
    <property name="java.specification.vendor" value="Oracle Corporation"/>
    <property name="java.version.date" value="2022-01-18"/>
    <property name="java.home" value="C:\Program Files\Java\jdk-17.0.2"/>
    <property name="file.separator" value="\"/>
    <property name="basedir" value="C:\Users\dulci\Documents\Pruebas Tecnicas\cloudonix-challenge"/>
    <property name="java.vm.compressedOopsMode" value="Zero based"/>
    <property name="line.separator" value="&#10;"/>
    <property name="java.vm.specification.vendor" value="Oracle Corporation"/>
    <property name="java.specification.name" value="Java Platform API Specification"/>
    <property name="surefire.real.class.path" value="C:\Users\dulci\AppData\Local\Temp\surefire17636888597934043742\surefirebooter18416364686730542957.jar"/>
    <property name="user.script" value=""/>
    <property name="sun.management.compiler" value="HotSpot 64-Bit Tiered Compilers"/>
    <property name="java.runtime.version" value="17.0.2+8-86"/>
    <property name="user.name" value="dulci"/>
    <property name="path.separator" value=";"/>
    <property name="os.version" value="10.0"/>
    <property name="java.runtime.name" value="OpenJDK Runtime Environment"/>
    <property name="file.encoding" value="Cp1252"/>
    <property name="java.vm.name" value="OpenJDK 64-Bit Server VM"/>
    <property name="localRepository" value="C:\Users\dulci\.m2\repository"/>
    <property name="java.vendor.url.bug" value="https://bugreport.java.com/bugreport/"/>
    <property name="java.io.tmpdir" value="C:\Users\dulci\AppData\Local\Temp\"/>
    <property name="java.version" value="17.0.2"/>
    <property name="user.dir" value="C:\Users\dulci\Documents\Pruebas Tecnicas\cloudonix-challenge"/>
    <property name="os.arch" value="amd64"/>
    <property name="java.vm.specification.name" value="Java Virtual Machine Specification"/>
    <property name="sun.os.patch.level" value=""/>
    <property name="native.encoding" value="Cp1252"/>
    <property name="java.library.path" value="C:\Program Files\Java\jdk-17.0.2\bin;C:\WINDOWS\Sun\Java\bin;C:\WINDOWS\system32;C:\WINDOWS;C:\Program Files\Microsoft\jdk-11.0.16.101-hotspot\bin;C:\WINDOWS\system32;C:\WINDOWS;C:\WINDOWS\System32\Wbem;C:\WINDOWS\System32\WindowsPowerShell\v1.0\;C:\WINDOWS\System32\OpenSSH\;C:\Program Files\Git\cmd;C:\Program Files\nodejs\;C:\Users\dulci\Documents\Zinkworks\Code\apache-maven-3.8.4\bin;C:\Program Files\Amazon\AWSCLIV2\;C:\Program Files\gradle-8.1.1\bin;;C:\Program Files\dotnet\;C:\Program Files\Docker\Docker\resources\bin;C:\Program Files\Microsoft SQL Server\150\Tools\Binn\;C:\Program Files\Microsoft SQL Server\Client SDK\ODBC\170\Tools\Binn\;C:\Users\dulci\AppData\Local\Microsoft\WindowsApps;C:\Program Files\JetBrains\IntelliJ IDEA 2022.2.3\bin;;C:\Program Files\JetBrains\DataGrip 2022.2.5\bin;;C:\Program Files\Java\jdk-17.0.2\bin;C:\Program Files\apache-maven-3.8.6\bin;C:\Program Files\consul_1.12.13;C:\Users\dulci\AppData\Roaming\npm;C:\Users\dulci\AppData\Roaming\npm\node_modules\@angular\cli\bin;C:\Program Files\nodejs;C:\Users\dulci\AppData\Local\Programs\Microsoft VS Code\bin;C:\Users\dulci\AppData\Local\GitHubDesktop\bin;C:\Program Files\gradle-8.1.1\bin;C:\Users\dulci\.dotnet\tools;C:\Windows\Microsoft.NET\Framework64\v4.0.30319\;;."/>
    <property name="java.vm.info" value="mixed mode, sharing"/>
    <property name="java.vendor" value="Oracle Corporation"/>
    <property name="java.vm.version" value="17.0.2+8-86"/>
    <property name="sun.io.unicode.encoding" value="UnicodeLittle"/>
    <property name="java.class.version" value="61.0"/>
  </properties>
  <testcase name="testApp" classname="org.dulci.challenge.CloudonixChallengeTest" time="0"/>
</testsuite>